<?xml version="1.0" encoding="UTF-8"?>
<testsuite xmlns:xsi="http://www.w3.org/2001/XMLSchema-instance" xsi:noNamespaceSchemaLocation="https://maven.apache.org/surefire/maven-surefire-plugin/xsd/surefire-test-report-3.0.xsd" version="3.0" name="TestSuite" time="44.667" tests="10" errors="0" skipped="0" failures="1">
  <properties>
    <property name="sun.desktop" value="windows"/>
    <property name="awt.toolkit" value="sun.awt.windows.WToolkit"/>
    <property name="file.encoding.pkg" value="sun.io"/>
    <property name="java.specification.version" value="1.8"/>
    <property name="sun.cpu.isalist" value="amd64"/>
    <property name="sun.jnu.encoding" value="Cp1252"/>
    <property name="java.class.path" value="C:\Users\afzal\eclipse-workspace\DBApiTest\target\test-classes;C:\Users\afzal\eclipse-workspace\DBApiTest\target\classes;C:\Users\afzal\.m2\repository\io\rest-assured\rest-assured\4.2.0\rest-assured-4.2.0.jar;C:\Users\afzal\.m2\repository\org\codehaus\groovy\groovy\2.5.8\groovy-2.5.8.jar;C:\Users\afzal\.m2\repository\org\codehaus\groovy\groovy-xml\2.5.8\groovy-xml-2.5.8.jar;C:\Users\afzal\.m2\repository\org\apache\httpcomponents\httpclient\4.5.3\httpclient-4.5.3.jar;C:\Users\afzal\.m2\repository\org\apache\httpcomponents\httpcore\4.4.6\httpcore-4.4.6.jar;C:\Users\afzal\.m2\repository\commons-logging\commons-logging\1.2\commons-logging-1.2.jar;C:\Users\afzal\.m2\repository\org\apache\httpcomponents\httpmime\4.5.3\httpmime-4.5.3.jar;C:\Users\afzal\.m2\repository\org\hamcrest\hamcrest\2.1\hamcrest-2.1.jar;C:\Users\afzal\.m2\repository\org\ccil\cowan\tagsoup\tagsoup\1.2.1\tagsoup-1.2.1.jar;C:\Users\afzal\.m2\repository\io\rest-assured\xml-path\4.2.0\xml-path-4.2.0.jar;C:\Users\afzal\.m2\repository\org\apache\commons\commons-lang3\3.4\commons-lang3-3.4.jar;C:\Users\afzal\.m2\repository\jakarta\xml\bind\jakarta.xml.bind-api\2.3.2\jakarta.xml.bind-api-2.3.2.jar;C:\Users\afzal\.m2\repository\jakarta\activation\jakarta.activation-api\1.2.1\jakarta.activation-api-1.2.1.jar;C:\Users\afzal\.m2\repository\com\sun\xml\bind\jaxb-osgi\2.3.0.1\jaxb-osgi-2.3.0.1.jar;C:\Users\afzal\.m2\repository\org\apache\sling\org.apache.sling.javax.activation\0.1.0\org.apache.sling.javax.activation-0.1.0.jar;C:\Users\afzal\.m2\repository\javax\activation\activation\1.1.1\activation-1.1.1.jar;C:\Users\afzal\.m2\repository\io\rest-assured\json-path\4.2.0\json-path-4.2.0.jar;C:\Users\afzal\.m2\repository\org\codehaus\groovy\groovy-json\2.5.8\groovy-json-2.5.8.jar;C:\Users\afzal\.m2\repository\io\rest-assured\rest-assured-common\4.2.0\rest-assured-common-4.2.0.jar;C:\Users\afzal\.m2\repository\org\hamcrest\java-hamcrest\2.0.0.0\java-hamcrest-2.0.0.0.jar;C:\Users\afzal\.m2\repository\org\testng\testng\7.1.0\testng-7.1.0.jar;C:\Users\afzal\.m2\repository\com\beust\jcommander\1.72\jcommander-1.72.jar;C:\Users\afzal\.m2\repository\com\google\inject\guice\4.1.0\guice-4.1.0-no_aop.jar;C:\Users\afzal\.m2\repository\javax\inject\javax.inject\1\javax.inject-1.jar;C:\Users\afzal\.m2\repository\aopalliance\aopalliance\1.0\aopalliance-1.0.jar;C:\Users\afzal\.m2\repository\com\google\guava\guava\19.0\guava-19.0.jar;C:\Users\afzal\.m2\repository\org\yaml\snakeyaml\1.21\snakeyaml-1.21.jar;C:\Users\afzal\.m2\repository\org\apache\poi\poi-ooxml\4.1.1\poi-ooxml-4.1.1.jar;C:\Users\afzal\.m2\repository\org\apache\poi\poi-ooxml-schemas\4.1.1\poi-ooxml-schemas-4.1.1.jar;C:\Users\afzal\.m2\repository\org\apache\xmlbeans\xmlbeans\3.1.0\xmlbeans-3.1.0.jar;C:\Users\afzal\.m2\repository\org\apache\commons\commons-compress\1.19\commons-compress-1.19.jar;C:\Users\afzal\.m2\repository\com\github\virtuald\curvesapi\1.06\curvesapi-1.06.jar;C:\Users\afzal\.m2\repository\org\apache\poi\poi\4.1.1\poi-4.1.1.jar;C:\Users\afzal\.m2\repository\commons-codec\commons-codec\1.13\commons-codec-1.13.jar;C:\Users\afzal\.m2\repository\org\apache\commons\commons-collections4\4.4\commons-collections4-4.4.jar;C:\Users\afzal\.m2\repository\org\apache\commons\commons-math3\3.6.1\commons-math3-3.6.1.jar;"/>
    <property name="java.vm.vendor" value="Oracle Corporation"/>
    <property name="sun.arch.data.model" value="64"/>
    <property name="user.variant" value=""/>
    <property name="java.vendor.url" value="http://java.oracle.com/"/>
    <property name="user.timezone" value="Asia/Calcutta"/>
    <property name="java.vm.specification.version" value="1.8"/>
    <property name="os.name" value="Windows 10"/>
    <property name="user.country" value="IN"/>
    <property name="sun.java.launcher" value="SUN_STANDARD"/>
    <property name="sun.boot.library.path" value="C:\Users\afzal\eclipse\java-oxygen2\eclipse\jre\bin"/>
    <property name="sun.java.command" value="C:\Users\afzal\AppData\Local\Temp\surefire8143836021769348899\surefirebooter8015342305899652327.jar C:\Users\afzal\AppData\Local\Temp\surefire8143836021769348899 2020-03-15T17-18-25_256-jvmRun1 surefire7899638710764482718tmp surefire_06826128013898173224tmp"/>
    <property name="surefire.test.class.path" value="C:\Users\afzal\eclipse-workspace\DBApiTest\target\test-classes;C:\Users\afzal\eclipse-workspace\DBApiTest\target\classes;C:\Users\afzal\.m2\repository\io\rest-assured\rest-assured\4.2.0\rest-assured-4.2.0.jar;C:\Users\afzal\.m2\repository\org\codehaus\groovy\groovy\2.5.8\groovy-2.5.8.jar;C:\Users\afzal\.m2\repository\org\codehaus\groovy\groovy-xml\2.5.8\groovy-xml-2.5.8.jar;C:\Users\afzal\.m2\repository\org\apache\httpcomponents\httpclient\4.5.3\httpclient-4.5.3.jar;C:\Users\afzal\.m2\repository\org\apache\httpcomponents\httpcore\4.4.6\httpcore-4.4.6.jar;C:\Users\afzal\.m2\repository\commons-logging\commons-logging\1.2\commons-logging-1.2.jar;C:\Users\afzal\.m2\repository\org\apache\httpcomponents\httpmime\4.5.3\httpmime-4.5.3.jar;C:\Users\afzal\.m2\repository\org\hamcrest\hamcrest\2.1\hamcrest-2.1.jar;C:\Users\afzal\.m2\repository\org\ccil\cowan\tagsoup\tagsoup\1.2.1\tagsoup-1.2.1.jar;C:\Users\afzal\.m2\repository\io\rest-assured\xml-path\4.2.0\xml-path-4.2.0.jar;C:\Users\afzal\.m2\repository\org\apache\commons\commons-lang3\3.4\commons-lang3-3.4.jar;C:\Users\afzal\.m2\repository\jakarta\xml\bind\jakarta.xml.bind-api\2.3.2\jakarta.xml.bind-api-2.3.2.jar;C:\Users\afzal\.m2\repository\jakarta\activation\jakarta.activation-api\1.2.1\jakarta.activation-api-1.2.1.jar;C:\Users\afzal\.m2\repository\com\sun\xml\bind\jaxb-osgi\2.3.0.1\jaxb-osgi-2.3.0.1.jar;C:\Users\afzal\.m2\repository\org\apache\sling\org.apache.sling.javax.activation\0.1.0\org.apache.sling.javax.activation-0.1.0.jar;C:\Users\afzal\.m2\repository\javax\activation\activation\1.1.1\activation-1.1.1.jar;C:\Users\afzal\.m2\repository\io\rest-assured\json-path\4.2.0\json-path-4.2.0.jar;C:\Users\afzal\.m2\repository\org\codehaus\groovy\groovy-json\2.5.8\groovy-json-2.5.8.jar;C:\Users\afzal\.m2\repository\io\rest-assured\rest-assured-common\4.2.0\rest-assured-common-4.2.0.jar;C:\Users\afzal\.m2\repository\org\hamcrest\java-hamcrest\2.0.0.0\java-hamcrest-2.0.0.0.jar;C:\Users\afzal\.m2\repository\org\testng\testng\7.1.0\testng-7.1.0.jar;C:\Users\afzal\.m2\repository\com\beust\jcommander\1.72\jcommander-1.72.jar;C:\Users\afzal\.m2\repository\com\google\inject\guice\4.1.0\guice-4.1.0-no_aop.jar;C:\Users\afzal\.m2\repository\javax\inject\javax.inject\1\javax.inject-1.jar;C:\Users\afzal\.m2\repository\aopalliance\aopalliance\1.0\aopalliance-1.0.jar;C:\Users\afzal\.m2\repository\com\google\guava\guava\19.0\guava-19.0.jar;C:\Users\afzal\.m2\repository\org\yaml\snakeyaml\1.21\snakeyaml-1.21.jar;C:\Users\afzal\.m2\repository\org\apache\poi\poi-ooxml\4.1.1\poi-ooxml-4.1.1.jar;C:\Users\afzal\.m2\repository\org\apache\poi\poi-ooxml-schemas\4.1.1\poi-ooxml-schemas-4.1.1.jar;C:\Users\afzal\.m2\repository\org\apache\xmlbeans\xmlbeans\3.1.0\xmlbeans-3.1.0.jar;C:\Users\afzal\.m2\repository\org\apache\commons\commons-compress\1.19\commons-compress-1.19.jar;C:\Users\afzal\.m2\repository\com\github\virtuald\curvesapi\1.06\curvesapi-1.06.jar;C:\Users\afzal\.m2\repository\org\apache\poi\poi\4.1.1\poi-4.1.1.jar;C:\Users\afzal\.m2\repository\commons-codec\commons-codec\1.13\commons-codec-1.13.jar;C:\Users\afzal\.m2\repository\org\apache\commons\commons-collections4\4.4\commons-collections4-4.4.jar;C:\Users\afzal\.m2\repository\org\apache\commons\commons-math3\3.6.1\commons-math3-3.6.1.jar;"/>
    <property name="sun.cpu.endian" value="little"/>
    <property name="user.home" value="C:\Users\afzal"/>
    <property name="user.language" value="en"/>
    <property name="java.specification.vendor" value="Oracle Corporation"/>
    <property name="java.home" value="C:\Users\afzal\eclipse\java-oxygen2\eclipse\jre"/>
    <property name="basedir" value="C:\Users\afzal\eclipse-workspace\DBApiTest"/>
    <property name="file.separator" value="\"/>
    <property name="line.separator" value="&#10;"/>
    <property name="java.vm.specification.vendor" value="Oracle Corporation"/>
    <property name="java.specification.name" value="Java Platform API Specification"/>
    <property name="java.awt.graphicsenv" value="sun.awt.Win32GraphicsEnvironment"/>
    <property name="surefire.real.class.path" value="C:\Users\afzal\AppData\Local\Temp\surefire8143836021769348899\surefirebooter8015342305899652327.jar"/>
    <property name="sun.boot.class.path" value="C:\Users\afzal\eclipse\java-oxygen2\eclipse\jre\lib\resources.jar;C:\Users\afzal\eclipse\java-oxygen2\eclipse\jre\lib\rt.jar;C:\Users\afzal\eclipse\java-oxygen2\eclipse\jre\lib\sunrsasign.jar;C:\Users\afzal\eclipse\java-oxygen2\eclipse\jre\lib\jsse.jar;C:\Users\afzal\eclipse\java-oxygen2\eclipse\jre\lib\jce.jar;C:\Users\afzal\eclipse\java-oxygen2\eclipse\jre\lib\charsets.jar;C:\Users\afzal\eclipse\java-oxygen2\eclipse\jre\lib\jfr.jar;C:\Users\afzal\eclipse\java-oxygen2\eclipse\jre\classes"/>
    <property name="user.script" value=""/>
    <property name="sun.management.compiler" value="HotSpot 64-Bit Tiered Compilers"/>
    <property name="java.runtime.version" value="1.8.0_221-b11"/>
    <property name="user.name" value="afzal"/>
    <property name="path.separator" value=";"/>
    <property name="os.version" value="10.0"/>
    <property name="java.endorsed.dirs" value="C:\Users\afzal\eclipse\java-oxygen2\eclipse\jre\lib\endorsed"/>
    <property name="java.runtime.name" value="Java(TM) SE Runtime Environment"/>
    <property name="file.encoding" value="Cp1252"/>
    <property name="java.vm.name" value="Java HotSpot(TM) 64-Bit Server VM"/>
    <property name="localRepository" value="C:\Users\afzal\.m2\repository"/>
    <property name="java.vendor.url.bug" value="http://bugreport.sun.com/bugreport/"/>
    <property name="java.io.tmpdir" value="C:\Users\afzal\AppData\Local\Temp\"/>
    <property name="java.version" value="1.8.0_221"/>
    <property name="user.dir" value="C:\Users\afzal\eclipse-workspace\DBApiTest"/>
    <property name="os.arch" value="amd64"/>
    <property name="java.vm.specification.name" value="Java Virtual Machine Specification"/>
    <property name="java.awt.printerjob" value="sun.awt.windows.WPrinterJob"/>
    <property name="sun.os.patch.level" value=""/>
    <property name="java.library.path" value="C:\Users\afzal\eclipse\java-oxygen2\eclipse\jre\bin;C:\WINDOWS\Sun\Java\bin;C:\WINDOWS\system32;C:\WINDOWS;C:/Users/afzal/eclipse/java-oxygen2/eclipse/jre/bin/server;C:/Users/afzal/eclipse/java-oxygen2/eclipse/jre/bin;C:/Users/afzal/eclipse/java-oxygen2/eclipse/jre/lib/amd64;C:\Program Files (x86)\Common Files\Oracle\Java\javapath;c:\windows\system32;C:\WINDOWS\system32;C:\WINDOWS;C:\WINDOWS\System32\Wbem;C:\WINDOWS\System32\WindowsPowerShell\v1.0\;C:\WINDOWS\System32\OpenSSH\;C:\Users\afzal\AppData\Local\Microsoft\WindowsApps;;C:\WINDOWS\System32;;."/>
    <property name="java.vm.info" value="mixed mode"/>
    <property name="java.vendor" value="Oracle Corporation"/>
    <property name="java.vm.version" value="25.221-b11"/>
    <property name="java.ext.dirs" value="C:\Users\afzal\eclipse\java-oxygen2\eclipse\jre\lib\ext;C:\WINDOWS\Sun\Java\lib\ext"/>
    <property name="sun.io.unicode.encoding" value="UnicodeLittle"/>
    <property name="java.class.version" value="52.0"/>
  </properties>
  <testcase name="all_Tickets" classname="com.DBApiTest.Testcases.Ticketing_Module" time="10.644"/>
  <testcase name="categories" classname="com.DBApiTest.Testcases.Ticketing_Module" time="1.574"/>
  <testcase name="concernedteams" classname="com.DBApiTest.Testcases.Ticketing_Module" time="1.539"/>
  <testcase name="createTicket" classname="com.DBApiTest.Testcases.Ticketing_Module" time="1.734">
    <failure message="expected [null] but found [APPROVED]" type="java.lang.AssertionError"><![CDATA[java.lang.AssertionError: expected [null] but found [APPROVED]
	at com.DBApiTest.Testcases.Ticketing_Module.createTicket(Ticketing_Module.java:179)
]]></failure>
    <system-out><![CDATA[5423
null
]]></system-out>
  </testcase>
  <testcase name="directreportees" classname="com.DBApiTest.Testcases.Ticketing_Module" time="1.534"/>
  <testcase name="image" classname="com.DBApiTest.Testcases.Ticketing_Module" time="1.567"/>
  <testcase name="indirectreportees" classname="com.DBApiTest.Testcases.Ticketing_Module" time="1.494"/>
  <testcase name="officecodes" classname="com.DBApiTest.Testcases.Ticketing_Module" time="1.456"/>
  <testcase name="raisedTicketbyUser" classname="com.DBApiTest.Testcases.Ticketing_Module" time="1.556"/>
  <testcase name="singleticktet" classname="com.DBApiTest.Testcases.Ticketing_Module" time="1.491"/>
</testsuite>